{"logTime": "0701/121122", "correlationVector":"tKFeDBAR0zczhgqzdUTfdQ.1","action":"SyncServerConnectionManagerRequest", "result":"SYNC_SERVER_OK", "context":{"environment":"Prod_WestEurope_000l", "migrationStage":"NotStarted", "server":"GENERAL01000020"}}
{"logTime": "0701/121122", "correlationVector":"fnuFpi9Bz7gwSZcyohMEAT","action":"SyncServerConnectionManagerRequest", "result":"SYNC_SERVER_OK", "context":{"environment":"", "migrationStage":"", "server":""}}
{"logTime": "0701/121122", "correlationVector":"tKFeDBAR0zczhgqzdUTfdQ","action":"Initial GetUpdates", "result":"", "context":Reason: NEW_CLIENT. cV=tKFeDBAR0zczhgqzdUTfdQ}
{"logTime": "0701/121122", "correlationVector":"tKFeDBAR0zczhgqzdUTfdQ.2","action":"GetUpdates Response", "result":"Success", "context":Received 1 update(s). cV=tKFeDBAR0zczhgqzdUTfdQ.0;server=GENERAL01000020;cloudType=Consumer;environment=Prod_WestEurope_000l;migrationStage=NotStarted}
{"logTime": "0701/121139", "correlationVector":"8gHncXnRwEZANq1D5bxcpA","action":"Initial GetUpdates", "result":"", "context":Reason: NEW_CLIENT. cV=8gHncXnRwEZANq1D5bxcpA}
{"logTime": "0701/121139", "correlationVector":"8gHncXnRwEZANq1D5bxcpA.1","action":"SyncServerConnectionManagerRequest", "result":"SYNC_SERVER_OK", "context":{"environment":"Prod_WestEurope_x00e", "migrationStage":"NotStarted", "server":"GENERAL0100002F"}}
{"logTime": "0701/121139", "correlationVector":"8gHncXnRwEZANq1D5bxcpA.2","action":"GetUpdates Response", "result":"Success", "context":Received 11 update(s). cV=8gHncXnRwEZANq1D5bxcpA.0;server=GENERAL0100002F;cloudType=Consumer;environment=Prod_WestEurope_x00e;migrationStage=NotStarted}
{"logTime": "0701/121139", "correlationVector":"mV2Oi9zcueCbDIboOzpQQj","action":"Normal GetUpdate request", "result":"", "context":cV=mV2Oi9zcueCbDIboOzpQQj
Nudged types: Device Info, User Consents
Refresh requested types: Device Info, User Consents, Send Tab To Self, Encryption Keys}
{"logTime": "0701/121139", "correlationVector":"mV2Oi9zcueCbDIboOzpQQj.1","action":"SyncServerConnectionManagerRequest", "result":"SYNC_SERVER_OK", "context":{"environment":"Prod_WestEurope_000l", "migrationStage":"NotStarted", "server":"general01000027"}}
{"logTime": "0701/121139", "correlationVector":"mV2Oi9zcueCbDIboOzpQQj.2","action":"GetUpdates Response", "result":"Success", "context":Received 0 update(s). cV=mV2Oi9zcueCbDIboOzpQQj.0;server=general01000027;cloudType=Consumer;environment=Prod_WestEurope_000l;migrationStage=NotStarted}
{"logTime": "0701/121139", "correlationVector":"QDXXsHFEoCAX6FQwSMJZTS","action":"Commit Request", "result":"", "context":Item count: 2
Contributing types: Device Info, User Consents}
{"logTime": "0701/121140", "correlationVector":"QDXXsHFEoCAX6FQwSMJZTS.1","action":"SyncServerConnectionManagerRequest", "result":"SYNC_SERVER_OK", "context":{"environment":"Prod_WestEurope_x00e", "migrationStage":"NotStarted", "server":"GENERAL0100000M"}}
{"logTime": "0701/121140", "correlationVector":"QDXXsHFEoCAX6FQwSMJZTS.2","action":"Commit Response", "result":"Success", "context":Result: Success. cV=QDXXsHFEoCAX6FQwSMJZTS.0;server=GENERAL0100000M;cloudType=Consumer;environment=Prod_WestEurope_x00e;migrationStage=NotStarted}
{"logTime": "0701/121140", "correlationVector":"BhJMZbXblc/p1O1AzLkh7l","action":"Normal GetUpdate request", "result":"", "context":cV=BhJMZbXblc/p1O1AzLkh7l
Nudged types: Device Info}
{"logTime": "0701/121140", "correlationVector":"BhJMZbXblc/p1O1AzLkh7l.1","action":"SyncServerConnectionManagerRequest", "result":"SYNC_SERVER_OK", "context":{"environment":"Prod_WestEurope_x00e", "migrationStage":"NotStarted", "server":"GENERAL0100002G"}}
{"logTime": "0701/121140", "correlationVector":"BhJMZbXblc/p1O1AzLkh7l.2","action":"GetUpdates Response", "result":"Success", "context":Received 1 update(s). cV=BhJMZbXblc/p1O1AzLkh7l.0;server=GENERAL0100002G;cloudType=Consumer;environment=Prod_WestEurope_x00e;migrationStage=NotStarted}
{"logTime": "0701/121618", "correlationVector":"pZmZviGfbwIAOz43vj90L7","action":"Normal GetUpdate request", "result":"", "context":cV=pZmZviGfbwIAOz43vj90L7
Refresh requested types: Device Info, User Consents, Send Tab To Self, Encryption Keys}
{"logTime": "0701/121619", "correlationVector":"pZmZviGfbwIAOz43vj90L7.1","action":"SyncServerConnectionManagerRequest", "result":"SYNC_SERVER_OK", "context":{"environment":"Prod_NorthEurope_000h", "migrationStage":"NotStarted", "server":"GENERAL0100002J"}}
{"logTime": "0701/121619", "correlationVector":"pZmZviGfbwIAOz43vj90L7.2","action":"GetUpdates Response", "result":"Success", "context":Received 0 update(s). cV=pZmZviGfbwIAOz43vj90L7.0;server=GENERAL0100002J;cloudType=Consumer;environment=Prod_NorthEurope_000h;migrationStage=NotStarted}
{"logTime": "0701/132812", "correlationVector":"bHT1plxPp4b1V7HGVWfFlH.1","action":"SyncServerConnectionManagerRequest", "result":"SYNC_SERVER_OK", "context":{"environment":"Prod_WestEurope_000l", "migrationStage":"NotStarted", "server":"GENERAL01000009"}}
{"logTime": "0701/132813", "correlationVector":"jZ52YkyxaT9EHN3IBlrGw6","action":"SyncServerConnectionManagerRequest", "result":"SYNC_SERVER_OK", "context":{"environment":"", "migrationStage":"", "server":""}}
{"logTime": "0701/132813", "correlationVector":"bHT1plxPp4b1V7HGVWfFlH","action":"Initial GetUpdates", "result":"", "context":Reason: NEW_CLIENT. cV=bHT1plxPp4b1V7HGVWfFlH}
{"logTime": "0701/132813", "correlationVector":"bHT1plxPp4b1V7HGVWfFlH.2","action":"GetUpdates Response", "result":"Success", "context":Received 1 update(s). cV=bHT1plxPp4b1V7HGVWfFlH.0;server=GENERAL01000009;cloudType=Consumer;environment=Prod_WestEurope_000l;migrationStage=NotStarted}
{"logTime": "0701/132813", "correlationVector":"FyZBEDyBoNRVYXeh9pL5q4","action":"Normal GetUpdate request", "result":"", "context":cV=FyZBEDyBoNRVYXeh9pL5q4
Refresh requested types: Device Info, User Consents, Send Tab To Self, Encryption Keys}
{"logTime": "0701/132813", "correlationVector":"FyZBEDyBoNRVYXeh9pL5q4.1","action":"SyncServerConnectionManagerRequest", "result":"SYNC_SERVER_OK", "context":{"environment":"Prod_NorthEurope_000h", "migrationStage":"NotStarted", "server":"GENERAL01000000"}}
{"logTime": "0701/132813", "correlationVector":"FyZBEDyBoNRVYXeh9pL5q4.2","action":"GetUpdates Response", "result":"Success", "context":Received 0 update(s). cV=FyZBEDyBoNRVYXeh9pL5q4.0;server=GENERAL01000000;cloudType=Consumer;environment=Prod_NorthEurope_000h;migrationStage=NotStarted}
{"logTime": "0701/133312", "correlationVector":"psi2QCHN341muv79YiShx+","action":"Normal GetUpdate request", "result":"", "context":cV=psi2QCHN341muv79YiShx+
Refresh requested types: Device Info, User Consents, Send Tab To Self, Encryption Keys}
{"logTime": "0701/133313", "correlationVector":"psi2QCHN341muv79YiShx+.1","action":"SyncServerConnectionManagerRequest", "result":"SYNC_SERVER_OK", "context":{"environment":"Prod_WestEurope_x00e", "migrationStage":"NotStarted", "server":"GENERAL01000009"}}
{"logTime": "0701/133313", "correlationVector":"psi2QCHN341muv79YiShx+.2","action":"GetUpdates Response", "result":"Success", "context":Received 0 update(s). cV=psi2QCHN341muv79YiShx+.0;server=GENERAL01000009;cloudType=Consumer;environment=Prod_WestEurope_x00e;migrationStage=NotStarted}
{"logTime": "0701/183752", "correlationVector":"oAbBK7jd4afIpJyuB4F+bH.1","action":"SyncServerConnectionManagerRequest", "result":"SYNC_SERVER_OK", "context":{"environment":"Prod_WestEurope_000l", "migrationStage":"NotStarted", "server":"GENERAL01000005"}}
{"logTime": "0701/183753", "correlationVector":"x86n2zvf6pcITfvJIwB9tl","action":"SyncServerConnectionManagerRequest", "result":"SYNC_SERVER_OK", "context":{"environment":"", "migrationStage":"", "server":""}}
{"logTime": "0701/183753", "correlationVector":"oAbBK7jd4afIpJyuB4F+bH","action":"Initial GetUpdates", "result":"", "context":Reason: NEW_CLIENT. cV=oAbBK7jd4afIpJyuB4F+bH}
{"logTime": "0701/183753", "correlationVector":"oAbBK7jd4afIpJyuB4F+bH.2","action":"GetUpdates Response", "result":"Success", "context":Received 1 update(s). cV=oAbBK7jd4afIpJyuB4F+bH.0;server=GENERAL01000005;cloudType=Consumer;environment=Prod_WestEurope_000l;migrationStage=NotStarted}
{"logTime": "0701/183753", "correlationVector":"XAqEmeK6qCtaK+U3zyZ6oD","action":"Normal GetUpdate request", "result":"", "context":cV=XAqEmeK6qCtaK+U3zyZ6oD
Refresh requested types: Device Info, User Consents, Send Tab To Self, Encryption Keys}
{"logTime": "0701/183753", "correlationVector":"XAqEmeK6qCtaK+U3zyZ6oD.1","action":"SyncServerConnectionManagerRequest", "result":"SYNC_SERVER_OK", "context":{"environment":"Prod_WestEurope_000l", "migrationStage":"NotStarted", "server":"GENERAL01000021"}}
{"logTime": "0701/183753", "correlationVector":"XAqEmeK6qCtaK+U3zyZ6oD.2","action":"GetUpdates Response", "result":"Success", "context":Received 0 update(s). cV=XAqEmeK6qCtaK+U3zyZ6oD.0;server=GENERAL01000021;cloudType=Consumer;environment=Prod_WestEurope_000l;migrationStage=NotStarted}
{"logTime": "0701/184253", "correlationVector":"XQnJIospmGvRrvhOQ8NyCl","action":"Normal GetUpdate request", "result":"", "context":cV=XQnJIospmGvRrvhOQ8NyCl
Refresh requested types: Device Info, User Consents, Send Tab To Self, Encryption Keys}
{"logTime": "0701/184253", "correlationVector":"XQnJIospmGvRrvhOQ8NyCl.1","action":"SyncServerConnectionManagerRequest", "result":"SYNC_SERVER_OK", "context":{"environment":"Prod_WestEurope_x00e", "migrationStage":"NotStarted", "server":"GENERAL02000014"}}
{"logTime": "0701/184253", "correlationVector":"XQnJIospmGvRrvhOQ8NyCl.2","action":"GetUpdates Response", "result":"Success", "context":Received 0 update(s). cV=XQnJIospmGvRrvhOQ8NyCl.0;server=GENERAL02000014;cloudType=Consumer;environment=Prod_WestEurope_x00e;migrationStage=NotStarted}
{"logTime": "0701/184451", "correlationVector":"oxz92cT49whTCvVD1aozf0.1","action":"SyncServerConnectionManagerRequest", "result":"SYNC_SERVER_OK", "context":{"environment":"Prod_WestEurope_000l", "migrationStage":"NotStarted", "server":"GENERAL01000025"}}
{"logTime": "0701/184452", "correlationVector":"Gd/Zm/L5vdczPLGs9B5j9w","action":"SyncServerConnectionManagerRequest", "result":"SYNC_SERVER_OK", "context":{"environment":"", "migrationStage":"", "server":""}}
{"logTime": "0701/184452", "correlationVector":"oxz92cT49whTCvVD1aozf0","action":"Initial GetUpdates", "result":"", "context":Reason: NEW_CLIENT. cV=oxz92cT49whTCvVD1aozf0}
{"logTime": "0701/184452", "correlationVector":"oxz92cT49whTCvVD1aozf0.2","action":"GetUpdates Response", "result":"Success", "context":Received 1 update(s). cV=oxz92cT49whTCvVD1aozf0.0;server=GENERAL01000025;cloudType=Consumer;environment=Prod_WestEurope_000l;migrationStage=NotStarted}
{"logTime": "0701/184452", "correlationVector":"mOC/wVDluAuDqtN46UfmPZ","action":"Normal GetUpdate request", "result":"", "context":cV=mOC/wVDluAuDqtN46UfmPZ
Refresh requested types: Device Info, User Consents, Send Tab To Self, Encryption Keys}
{"logTime": "0701/184452", "correlationVector":"mOC/wVDluAuDqtN46UfmPZ.1","action":"SyncServerConnectionManagerRequest", "result":"SYNC_SERVER_OK", "context":{"environment":"Prod_WestEurope_000l", "migrationStage":"NotStarted", "server":"GENERAL01000019"}}
{"logTime": "0701/184452", "correlationVector":"mOC/wVDluAuDqtN46UfmPZ.2","action":"GetUpdates Response", "result":"Success", "context":Received 0 update(s). cV=mOC/wVDluAuDqtN46UfmPZ.0;server=GENERAL01000019;cloudType=Consumer;environment=Prod_WestEurope_000l;migrationStage=NotStarted}
{"logTime": "0701/184952", "correlationVector":"zFJTs9gVLXtmM2tMeTzGAf","action":"Normal GetUpdate request", "result":"", "context":cV=zFJTs9gVLXtmM2tMeTzGAf
Refresh requested types: Device Info, User Consents, Send Tab To Self, Encryption Keys}
{"logTime": "0701/184952", "correlationVector":"zFJTs9gVLXtmM2tMeTzGAf.1","action":"SyncServerConnectionManagerRequest", "result":"SYNC_SERVER_OK", "context":{"environment":"Prod_WestEurope_x00e", "migrationStage":"NotStarted", "server":"GENERAL02000014"}}
{"logTime": "0701/184952", "correlationVector":"zFJTs9gVLXtmM2tMeTzGAf.2","action":"GetUpdates Response", "result":"Success", "context":Received 0 update(s). cV=zFJTs9gVLXtmM2tMeTzGAf.0;server=GENERAL02000014;cloudType=Consumer;environment=Prod_WestEurope_x00e;migrationStage=NotStarted}
{"logTime": "0701/185858", "correlationVector":"KavqNul+iey16fDFSFpUID.1","action":"SyncServerConnectionManagerRequest", "result":"SYNC_SERVER_OK", "context":{"environment":"Prod_WestEurope_000l", "migrationStage":"NotStarted", "server":"GENERAL0100000X"}}
{"logTime": "0701/185859", "correlationVector":"6o/fGt+zOSsVnbJFD6/7Wm","action":"SyncServerConnectionManagerRequest", "result":"SYNC_SERVER_OK", "context":{"environment":"", "migrationStage":"", "server":""}}
{"logTime": "0701/185859", "correlationVector":"KavqNul+iey16fDFSFpUID","action":"Initial GetUpdates", "result":"", "context":Reason: NEW_CLIENT. cV=KavqNul+iey16fDFSFpUID}
{"logTime": "0701/185859", "correlationVector":"KavqNul+iey16fDFSFpUID.2","action":"GetUpdates Response", "result":"Success", "context":Received 1 update(s). cV=KavqNul+iey16fDFSFpUID.0;server=GENERAL0100000X;cloudType=Consumer;environment=Prod_WestEurope_000l;migrationStage=NotStarted}
{"logTime": "0701/185859", "correlationVector":"J+Pn9xYJ+ElO6u3ubXv0ys","action":"Normal GetUpdate request", "result":"", "context":cV=J+Pn9xYJ+ElO6u3ubXv0ys
Refresh requested types: Device Info, User Consents, Send Tab To Self, Encryption Keys}
{"logTime": "0701/185859", "correlationVector":"J+Pn9xYJ+ElO6u3ubXv0ys.1","action":"SyncServerConnectionManagerRequest", "result":"SYNC_SERVER_OK", "context":{"environment":"Prod_WestEurope_000l", "migrationStage":"NotStarted", "server":"GENERAL0100000D"}}
{"logTime": "0701/185859", "correlationVector":"J+Pn9xYJ+ElO6u3ubXv0ys.2","action":"GetUpdates Response", "result":"Success", "context":Received 0 update(s). cV=J+Pn9xYJ+ElO6u3ubXv0ys.0;server=GENERAL0100000D;cloudType=Consumer;environment=Prod_WestEurope_000l;migrationStage=NotStarted}
{"logTime": "0701/190358", "correlationVector":"viWA0UpFpmJRGcsG5sED7p","action":"Normal GetUpdate request", "result":"", "context":cV=viWA0UpFpmJRGcsG5sED7p
Refresh requested types: Device Info, User Consents, Send Tab To Self, Encryption Keys}
{"logTime": "0701/190359", "correlationVector":"viWA0UpFpmJRGcsG5sED7p.1","action":"SyncServerConnectionManagerRequest", "result":"SYNC_SERVER_OK", "context":{"environment":"Prod_WestEurope_x00e", "migrationStage":"NotStarted", "server":"GENERAL0100001F"}}
{"logTime": "0701/190359", "correlationVector":"viWA0UpFpmJRGcsG5sED7p.2","action":"GetUpdates Response", "result":"Success", "context":Received 0 update(s). cV=viWA0UpFpmJRGcsG5sED7p.0;server=GENERAL0100001F;cloudType=Consumer;environment=Prod_WestEurope_x00e;migrationStage=NotStarted}
{"logTime": "0701/190359", "correlationVector":"N/jL1ED6dABei/P9CSKBp7","action":"DoCompareDataConsistency requsted types: ", "result":"Send Tab To Self, Encryption Keys"}
{"logTime": "0701/190359", "correlationVector":"N/jL1ED6dABei/P9CSKBp7.0","action":"CompareDataConsistency result: ", "result":"Compare result: Encryption Keys is consistent. local entities count is: 1 local entities hash is: C5QOG7eEHfwgfeqU+F7wHFBCejI="}
{"logTime": "0701/190359", "correlationVector":"N/jL1ED6dABei/P9CSKBp7.1","action":"CompareDataConsistency result: ", "result":"Server did not send this Send Tab To Self local entities count is: 0 local entities hash is: "}
{"logTime": "0701/190359", "correlationVector":"","action":"DIAGNOSTIC_REQUEST|v1/diagnosticData/Diagnostic.SendCheckResult()|SUCCESS", "result":""}
{"logTime": "0701/190359", "correlationVector":"","action":"SyncDiagnosticRequest::ProcessDiagnosticResponse", "result":"DIAGNOSTIC_REQUEST|v1/diagnosticData/Diagnostic.SendCheckResult()|SUCCESS"}
{"logTime": "0701/191054", "correlationVector":"mleORKwweGjgps12J6584g.1","action":"SyncServerConnectionManagerRequest", "result":"SYNC_SERVER_OK", "context":{"environment":"Prod_WestEurope_000l", "migrationStage":"NotStarted", "server":"GENERAL0100000Y"}}
{"logTime": "0701/191054", "correlationVector":"sGIhp3Ufs2yKujnTTdbYY1","action":"SyncServerConnectionManagerRequest", "result":"SYNC_SERVER_OK", "context":{"environment":"", "migrationStage":"", "server":""}}
{"logTime": "0701/191054", "correlationVector":"mleORKwweGjgps12J6584g","action":"Initial GetUpdates", "result":"", "context":Reason: NEW_CLIENT. cV=mleORKwweGjgps12J6584g}
{"logTime": "0701/191054", "correlationVector":"mleORKwweGjgps12J6584g.2","action":"GetUpdates Response", "result":"Success", "context":Received 1 update(s). cV=mleORKwweGjgps12J6584g.0;server=GENERAL0100000Y;cloudType=Consumer;environment=Prod_WestEurope_000l;migrationStage=NotStarted}
{"logTime": "0701/191054", "correlationVector":"LyBKmR4AIgqD7Wamam8MKU","action":"Normal GetUpdate request", "result":"", "context":cV=LyBKmR4AIgqD7Wamam8MKU
Refresh requested types: Device Info, User Consents, Send Tab To Self, Encryption Keys}
{"logTime": "0701/191054", "correlationVector":"LyBKmR4AIgqD7Wamam8MKU.1","action":"SyncServerConnectionManagerRequest", "result":"SYNC_SERVER_OK", "context":{"environment":"Prod_WestEurope_000l", "migrationStage":"NotStarted", "server":"GENERAL01000001"}}
{"logTime": "0701/191054", "correlationVector":"LyBKmR4AIgqD7Wamam8MKU.2","action":"GetUpdates Response", "result":"Success", "context":Received 0 update(s). cV=LyBKmR4AIgqD7Wamam8MKU.0;server=GENERAL01000001;cloudType=Consumer;environment=Prod_WestEurope_000l;migrationStage=NotStarted}
{"logTime": "0701/191800", "correlationVector":"hk5EbSQGtWCh/fpTq/ySXg.1","action":"SyncServerConnectionManagerRequest", "result":"SYNC_SERVER_OK", "context":{"environment":"Prod_WestEurope_000l", "migrationStage":"NotStarted", "server":"GENERAL0100000Z"}}
{"logTime": "0701/191801", "correlationVector":"ZIo2A+rC7E04pYLeqpb1pR","action":"SyncServerConnectionManagerRequest", "result":"SYNC_SERVER_OK", "context":{"environment":"", "migrationStage":"", "server":""}}
{"logTime": "0701/191801", "correlationVector":"hk5EbSQGtWCh/fpTq/ySXg","action":"Initial GetUpdates", "result":"", "context":Reason: NEW_CLIENT. cV=hk5EbSQGtWCh/fpTq/ySXg}
{"logTime": "0701/191801", "correlationVector":"hk5EbSQGtWCh/fpTq/ySXg.2","action":"GetUpdates Response", "result":"Success", "context":Received 1 update(s). cV=hk5EbSQGtWCh/fpTq/ySXg.0;server=GENERAL0100000Z;cloudType=Consumer;environment=Prod_WestEurope_000l;migrationStage=NotStarted}
{"logTime": "0701/191801", "correlationVector":"KNgBFG8LI5xEusBbml+uYr","action":"Normal GetUpdate request", "result":"", "context":cV=KNgBFG8LI5xEusBbml+uYr
Refresh requested types: Device Info, User Consents, Send Tab To Self, Encryption Keys}
{"logTime": "0701/191801", "correlationVector":"KNgBFG8LI5xEusBbml+uYr.1","action":"SyncServerConnectionManagerRequest", "result":"SYNC_SERVER_OK", "context":{"environment":"Prod_WestEurope_000l", "migrationStage":"NotStarted", "server":"GENERAL01000022"}}
{"logTime": "0701/191801", "correlationVector":"KNgBFG8LI5xEusBbml+uYr.2","action":"GetUpdates Response", "result":"Success", "context":Received 0 update(s). cV=KNgBFG8LI5xEusBbml+uYr.0;server=GENERAL01000022;cloudType=Consumer;environment=Prod_WestEurope_000l;migrationStage=NotStarted}
{"logTime": "0701/192301", "correlationVector":"sBXF7TUKtW3qjP7mP98sHv","action":"Normal GetUpdate request", "result":"", "context":cV=sBXF7TUKtW3qjP7mP98sHv
Refresh requested types: Device Info, User Consents, Send Tab To Self, Encryption Keys}
{"logTime": "0701/192301", "correlationVector":"sBXF7TUKtW3qjP7mP98sHv.1","action":"SyncServerConnectionManagerRequest", "result":"SYNC_SERVER_OK", "context":{"environment":"Prod_WestEurope_x00e", "migrationStage":"NotStarted", "server":"GENERAL0200001W"}}
{"logTime": "0701/192301", "correlationVector":"sBXF7TUKtW3qjP7mP98sHv.2","action":"GetUpdates Response", "result":"Success", "context":Received 0 update(s). cV=sBXF7TUKtW3qjP7mP98sHv.0;server=GENERAL0200001W;cloudType=Consumer;environment=Prod_WestEurope_x00e;migrationStage=NotStarted}
